#
# There is insufficient memory for the Java Runtime Environment to continue.
# Native memory allocation (malloc) failed to allocate 66192 bytes for Chunk::new
# Possible reasons:
#   The system is out of physical RAM or swap space
#   The process is running with CompressedOops enabled, and the Java Heap may be blocking the growth of the native heap
# Possible solutions:
#   Reduce memory load on the system
#   Increase physical memory or swap space
#   Check if swap backing store is full
#   Decrease Java heap size (-Xmx/-Xms)
#   Decrease number of Java threads
#   Decrease Java thread stack sizes (-Xss)
#   Set larger code cache with -XX:ReservedCodeCacheSize=
#   JVM is running with Zero Based Compressed Oops mode in which the Java heap is
#     placed in the first 32GB address space. The Java Heap base address is the
#     maximum limit for the native heap growth. Please use -XX:HeapBaseMinAddress
#     to set the Java Heap base and to place the Java Heap above 32GB virtual address.
# This output file may be truncated or incomplete.
#
#  Out of Memory Error (arena.cpp:189), pid=7792, tid=17820
#
# JRE version: OpenJDK Runtime Environment Corretto-17.0.7.7.1 (17.0.7+7) (build 17.0.7+7-LTS)
# Java VM: OpenJDK 64-Bit Server VM Corretto-17.0.7.7.1 (17.0.7+7-LTS, mixed mode, sharing, tiered, compressed oops, compressed class ptrs, g1 gc, windows-amd64)
# No core dump will be written. Minidumps are not enabled by default on client versions of Windows
#

---------------  S U M M A R Y ------------

Command Line: -ea -javaagent:C:\Users\zaric\.m2\repository/org/aspectj/aspectjweaver/1.9.7/aspectjweaver-1.9.7.jar -Didea.test.cyclic.buffer.size=1048576 -javaagent:D:\Java\IntelliJ IDEA Community Edition 2023.1.2\lib\idea_rt.jar=60854:D:\Java\IntelliJ IDEA Community Edition 2023.1.2\bin -Dfile.encoding=UTF-8 com.intellij.rt.junit.JUnitStarter -ideVersion5 -junit5 com.evotor.test.task.aleksandr.tests.YandexPageTest,yandexPageTest

Host: AMD Ryzen 5 5600X 6-Core Processor             , 12 cores, 15G,  Windows 11 , 64 bit Build 22621 (10.0.22621.1928)
Time: Sun Jul 16 21:35:23 2023 RTZ 4 (s 11 , 64 bit Build 22621 (10.0.22621.1928) elapsed time: 7.030989 seconds (0d 0h 0m 7s)

---------------  T H R E A D  ---------------

Current thread (0x000001ff232954f0):  JavaThread "C2 CompilerThread0" daemon [_thread_in_native, id=17820, stack(0x0000002ef4f00000,0x0000002ef5000000)]


Current CompileTask:
C2:   7031 4369   !   4       java.io.PrintStream::write (66 bytes)

Stack: [0x0000002ef4f00000,0x0000002ef5000000]
Native frames: (J=compiled Java code, j=interpreted, Vv=VM code, C=native code)
V  [jvm.dll+0x64b53a]
V  [jvm.dll+0x7fef54]
V  [jvm.dll+0x80070e]
V  [jvm.dll+0x800d63]
V  [jvm.dll+0x236a2b]
V  [jvm.dll+0xbd47c]
V  [jvm.dll+0xbda5c]
V  [jvm.dll+0x350c37]
V  [jvm.dll+0x31b60f]
V  [jvm.dll+0x31aa4a]
V  [jvm.dll+0x20acf5]
V  [jvm.dll+0x20a287]
V  [jvm.dll+0x19a2ed]
V  [jvm.dll+0x21967d]
V  [jvm.dll+0x2178c4]
V  [jvm.dll+0x7b7dcb]
V  [jvm.dll+0x7b237a]
V  [jvm.dll+0x64a3a5]
C  [ucrtbase.dll+0x29363]
C  [KERNEL32.DLL+0x126ad]
C  [ntdll.dll+0x5aa68]


---------------  P R O C E S S  ---------------

Threads class SMR info:
_java_thread_list=0x000001ff28ffd070, length=23, elements={
0x000001ff7dd61ed0, 0x000001ff231521c0, 0x000001ff23152d70, 0x000001ff23288910,
0x000001ff2328d3e0, 0x000001ff2328dd90, 0x000001ff2328e740, 0x000001ff232954f0,
0x000001ff232967b0, 0x000001ff232971a0, 0x000001ff2336c8c0, 0x000001ff280e77e0,
0x000001ff23bc1b20, 0x000001ff2aa09730, 0x000001ff23559f20, 0x000001ff287d3300,
0x000001ff283bdfc0, 0x000001ff2c852010, 0x000001ff2b864d00, 0x000001ff28649ad0,
0x000001ff2864caf0, 0x000001ff2864b2e0, 0x000001ff2864b7b0
}

Java Threads: ( => current thread )
  0x000001ff7dd61ed0 JavaThread "main" [_thread_blocked, id=19172, stack(0x0000002ef4200000,0x0000002ef4300000)]
  0x000001ff231521c0 JavaThread "Reference Handler" daemon [_thread_blocked, id=11744, stack(0x0000002ef4900000,0x0000002ef4a00000)]
  0x000001ff23152d70 JavaThread "Finalizer" daemon [_thread_blocked, id=18324, stack(0x0000002ef4a00000,0x0000002ef4b00000)]
  0x000001ff23288910 JavaThread "Signal Dispatcher" daemon [_thread_blocked, id=12304, stack(0x0000002ef4b00000,0x0000002ef4c00000)]
  0x000001ff2328d3e0 JavaThread "Attach Listener" daemon [_thread_blocked, id=19204, stack(0x0000002ef4c00000,0x0000002ef4d00000)]
  0x000001ff2328dd90 JavaThread "Service Thread" daemon [_thread_blocked, id=8188, stack(0x0000002ef4d00000,0x0000002ef4e00000)]
  0x000001ff2328e740 JavaThread "Monitor Deflation Thread" daemon [_thread_blocked, id=12564, stack(0x0000002ef4e00000,0x0000002ef4f00000)]
=>0x000001ff232954f0 JavaThread "C2 CompilerThread0" daemon [_thread_in_native, id=17820, stack(0x0000002ef4f00000,0x0000002ef5000000)]
  0x000001ff232967b0 JavaThread "C1 CompilerThread0" daemon [_thread_blocked, id=9476, stack(0x0000002ef5000000,0x0000002ef5100000)]
  0x000001ff232971a0 JavaThread "Sweeper thread" daemon [_thread_blocked, id=18572, stack(0x0000002ef5100000,0x0000002ef5200000)]
  0x000001ff2336c8c0 JavaThread "Common-Cleaner" daemon [_thread_blocked, id=15384, stack(0x0000002ef5200000,0x0000002ef5300000)]
  0x000001ff280e77e0 JavaThread "Monitor Ctrl-Break" daemon [_thread_in_native, id=17508, stack(0x0000002ef5500000,0x0000002ef5600000)]
  0x000001ff23bc1b20 JavaThread "Notification Thread" daemon [_thread_blocked, id=18712, stack(0x0000002ef5600000,0x0000002ef5700000)]
  0x000001ff2aa09730 JavaThread "ForkJoinPool.commonPool-worker-1" daemon [_thread_blocked, id=12584, stack(0x0000002ef6300000,0x0000002ef6400000)]
  0x000001ff23559f20 JavaThread "AsyncHttpClient-1-1" daemon [_thread_blocked, id=18656, stack(0x0000002ef6400000,0x0000002ef6500000)]
  0x000001ff287d3300 JavaThread "Exec Default Executor" daemon [_thread_in_native, id=14772, stack(0x0000002ef6500000,0x0000002ef6600000)]
  0x000001ff283bdfc0 JavaThread "Exec Stream Pumper" daemon [_thread_in_native, id=11848, stack(0x0000002ef6600000,0x0000002ef6700000)]
  0x000001ff2c852010 JavaThread "Exec Stream Pumper" daemon [_thread_in_native, id=304, stack(0x0000002ef6700000,0x0000002ef6800000)]
  0x000001ff2b864d00 JavaThread "Driver Service Executor" daemon [_thread_blocked, id=84, stack(0x0000002ef6800000,0x0000002ef6900000)]
  0x000001ff28649ad0 JavaThread "Driver Service Executor" daemon [_thread_blocked, id=5252, stack(0x0000002ef6900000,0x0000002ef6a00000)]
  0x000001ff2864caf0 JavaThread "AsyncHttpClient-1-2" daemon [_thread_in_native, id=16396, stack(0x0000002ef6b00000,0x0000002ef6c00000)]
  0x000001ff2864b2e0 JavaThread "AsyncHttpClient-1-3" daemon [_thread_in_native, id=18968, stack(0x0000002ef6c00000,0x0000002ef6d00000)]
  0x000001ff2864b7b0 JavaThread "Dead threads watchdog" daemon [_thread_blocked, id=16524, stack(0x0000002ef6d00000,0x0000002ef6e00000)]

Other Threads:
  0x000001ff2314c710 VMThread "VM Thread" [stack: 0x0000002ef4800000,0x0000002ef4900000] [id=18476]
  0x000001ff23bcecd0 WatcherThread [stack: 0x0000002ef5700000,0x0000002ef5800000] [id=15748]
  0x000001ff7ddd2670 GCTaskThread "GC Thread#0" [stack: 0x0000002ef4300000,0x0000002ef4400000] [id=18416]
  0x000001ff28324570 GCTaskThread "GC Thread#1" [stack: 0x0000002ef5800000,0x0000002ef5900000] [id=9496]
  0x000001ff28324820 GCTaskThread "GC Thread#2" [stack: 0x0000002ef5900000,0x0000002ef5a00000] [id=18440]
  0x000001ff281cc820 GCTaskThread "GC Thread#3" [stack: 0x0000002ef5a00000,0x0000002ef5b00000] [id=18172]
  0x000001ff281ccad0 GCTaskThread "GC Thread#4" [stack: 0x0000002ef5b00000,0x0000002ef5c00000] [id=13156]
  0x000001ff282ef3e0 GCTaskThread "GC Thread#5" [stack: 0x0000002ef5c00000,0x0000002ef5d00000] [id=18708]
  0x000001ff29509da0 GCTaskThread "GC Thread#6" [stack: 0x0000002ef5d00000,0x0000002ef5e00000] [id=11816]
  0x000001ff29847420 GCTaskThread "GC Thread#7" [stack: 0x0000002ef5e00000,0x0000002ef5f00000] [id=8000]
  0x000001ff28b62ee0 GCTaskThread "GC Thread#8" [stack: 0x0000002ef5f00000,0x0000002ef6000000] [id=15436]
  0x000001ff28b62980 GCTaskThread "GC Thread#9" [stack: 0x0000002ef6000000,0x0000002ef6100000] [id=7180]
  0x000001ff7dde3590 ConcurrentGCThread "G1 Main Marker" [stack: 0x0000002ef4400000,0x0000002ef4500000] [id=10136]
  0x000001ff7dde47e0 ConcurrentGCThread "G1 Conc#0" [stack: 0x0000002ef4500000,0x0000002ef4600000] [id=15076]
  0x000001ff28b626d0 ConcurrentGCThread "G1 Conc#1" [stack: 0x0000002ef6100000,0x0000002ef6200000] [id=19040]
  0x000001ff28b62c30 ConcurrentGCThread "G1 Conc#2" [stack: 0x0000002ef6200000,0x0000002ef6300000] [id=8492]
  0x000001ff23003180 ConcurrentGCThread "G1 Refine#0" [stack: 0x0000002ef4600000,0x0000002ef4700000] [id=12336]
  0x000001ff230039b0 ConcurrentGCThread "G1 Service" [stack: 0x0000002ef4700000,0x0000002ef4800000] [id=15768]

Threads with active compile tasks:
C2 CompilerThread0     7049 4369   !   4       java.io.PrintStream::write (66 bytes)

VM state: not at safepoint (normal execution)

VM Mutex/Monitor currently owned by a thread: None

Heap address: 0x0000000701800000, size: 4072 MB, Compressed Oops mode: Zero based, Oop shift amount: 3

CDS archive(s) mapped at: [0x0000000800000000-0x0000000800bc0000-0x0000000800bc0000), size 12320768, SharedBaseAddress: 0x0000000800000000, ArchiveRelocationMode: 0.
Compressed class space mapped at: 0x0000000801000000-0x0000000841000000, reserved size: 1073741824
Narrow klass base: 0x0000000800000000, Narrow klass shift: 0, Narrow klass range: 0x100000000

GC Precious Log:
 CPUs: 12 total, 12 available
 Memory: 16287M
 Large Page Support: Disabled
 NUMA Support: Disabled
 Compressed Oops: Enabled (Zero based)
 Heap Region Size: 2M
 Heap Min Capacity: 8M
 Heap Initial Capacity: 256M
 Heap Max Capacity: 4072M
 Pre-touch: Disabled
 Parallel Workers: 10
 Concurrent Workers: 3
 Concurrent Refinement Workers: 10
 Periodic GC: Disabled

Heap:
 garbage-first heap   total 157696K, used 121113K [0x0000000701800000, 0x0000000800000000)
  region size 2048K, 34 young (69632K), 4 survivors (8192K)
 Metaspace       used 35649K, committed 35840K, reserved 1114112K
  class space    used 4125K, committed 4224K, reserved 1048576K

Heap Regions: E=young(eden), S=young(survivor), O=old, HS=humongous(starts), HC=humongous(continues), CS=collection set, F=free, OA=open archive, CA=closed archive, TAMS=top-at-mark-start (previous, next)
|   0|0x0000000701800000, 0x0000000701a00000, 0x0000000701a00000|100%| O|  |TAMS 0x0000000701a00000, 0x0000000701800000| Untracked 
|   1|0x0000000701a00000, 0x0000000701c00000, 0x0000000701c00000|100%| O|  |TAMS 0x0000000701c00000, 0x0000000701a00000| Untracked 
|   2|0x0000000701c00000, 0x0000000701e00000, 0x0000000701e00000|100%| O|  |TAMS 0x0000000701e00000, 0x0000000701c00000| Untracked 
|   3|0x0000000701e00000, 0x0000000702000000, 0x0000000702000000|100%| O|  |TAMS 0x0000000702000000, 0x0000000701e00000| Untracked 
|   4|0x0000000702000000, 0x0000000702200000, 0x0000000702200000|100%| O|  |TAMS 0x0000000702200000, 0x0000000702000000| Untracked 
|   5|0x0000000702200000, 0x0000000702400000, 0x0000000702400000|100%| O|  |TAMS 0x0000000702400000, 0x0000000702200000| Untracked 
|   6|0x0000000702400000, 0x0000000702600000, 0x0000000702600000|100%| O|  |TAMS 0x0000000702600000, 0x0000000702400000| Untracked 
|   7|0x0000000702600000, 0x0000000702800000, 0x0000000702800000|100%| O|  |TAMS 0x0000000702800000, 0x0000000702600000| Untracked 
|   8|0x0000000702800000, 0x0000000702a00000, 0x0000000702a00000|100%| O|  |TAMS 0x0000000702a00000, 0x0000000702800000| Untracked 
|   9|0x0000000702a00000, 0x0000000702c00000, 0x0000000702c00000|100%| O|  |TAMS 0x0000000702c00000, 0x0000000702a00000| Untracked 
|  10|0x0000000702c00000, 0x0000000702ca8200, 0x0000000702e00000| 32%| O|  |TAMS 0x0000000702ca8200, 0x0000000702c00000| Untracked 
|  11|0x0000000702e00000, 0x0000000703000000, 0x0000000703000000|100%| O|  |TAMS 0x0000000702e00000, 0x0000000702e00000| Untracked 
|  12|0x0000000703000000, 0x0000000703200000, 0x0000000703200000|100%| O|  |TAMS 0x0000000703000000, 0x0000000703000000| Untracked 
|  13|0x0000000703200000, 0x0000000703400000, 0x0000000703400000|100%| O|  |TAMS 0x0000000703200000, 0x0000000703200000| Untracked 
|  14|0x0000000703400000, 0x0000000703600000, 0x0000000703600000|100%| O|  |TAMS 0x0000000703400000, 0x0000000703400000| Untracked 
|  15|0x0000000703600000, 0x0000000703800000, 0x0000000703800000|100%| O|  |TAMS 0x0000000703600000, 0x0000000703600000| Untracked 
|  16|0x0000000703800000, 0x0000000703a00000, 0x0000000703a00000|100%| O|  |TAMS 0x0000000703800000, 0x0000000703800000| Untracked 
|  17|0x0000000703a00000, 0x0000000703c00000, 0x0000000703c00000|100%| O|  |TAMS 0x0000000703a00000, 0x0000000703a00000| Untracked 
|  18|0x0000000703c00000, 0x0000000703e00000, 0x0000000703e00000|100%| O|  |TAMS 0x0000000703c00000, 0x0000000703c00000| Untracked 
|  19|0x0000000703e00000, 0x0000000704000000, 0x0000000704000000|100%| O|  |TAMS 0x0000000703e00000, 0x0000000703e00000| Untracked 
|  20|0x0000000704000000, 0x0000000704200000, 0x0000000704200000|100%| O|  |TAMS 0x0000000704000000, 0x0000000704000000| Untracked 
|  21|0x0000000704200000, 0x0000000704400000, 0x0000000704400000|100%| O|  |TAMS 0x0000000704200000, 0x0000000704200000| Untracked 
|  22|0x0000000704400000, 0x0000000704528c00, 0x0000000704600000| 57%| O|  |TAMS 0x0000000704400000, 0x0000000704400000| Untracked 
|  23|0x0000000704600000, 0x0000000704600000, 0x0000000704800000|  0%| F|  |TAMS 0x0000000704600000, 0x0000000704600000| Untracked 
|  24|0x0000000704800000, 0x0000000704a00000, 0x0000000704a00000|100%| O|  |TAMS 0x0000000704800000, 0x0000000704800000| Untracked 
|  25|0x0000000704a00000, 0x0000000704c00000, 0x0000000704c00000|100%| O|  |TAMS 0x0000000704a00000, 0x0000000704a00000| Untracked 
|  26|0x0000000704c00000, 0x0000000704e00000, 0x0000000704e00000|100%|HS|  |TAMS 0x0000000704c00000, 0x0000000704c00000| Complete 
|  27|0x0000000704e00000, 0x0000000705000000, 0x0000000705000000|100%|HC|  |TAMS 0x0000000704e00000, 0x0000000704e00000| Complete 
|  28|0x0000000705000000, 0x0000000705200000, 0x0000000705200000|100%|HC|  |TAMS 0x0000000705000000, 0x0000000705000000| Complete 
|  29|0x0000000705200000, 0x0000000705200000, 0x0000000705400000|  0%| F|  |TAMS 0x0000000705200000, 0x0000000705200000| Untracked 
|  30|0x0000000705400000, 0x0000000705400000, 0x0000000705600000|  0%| F|  |TAMS 0x0000000705400000, 0x0000000705400000| Untracked 
|  31|0x0000000705600000, 0x0000000705600000, 0x0000000705800000|  0%| F|  |TAMS 0x0000000705600000, 0x0000000705600000| Untracked 
|  32|0x0000000705800000, 0x0000000705800000, 0x0000000705a00000|  0%| F|  |TAMS 0x0000000705800000, 0x0000000705800000| Untracked 
|  33|0x0000000705a00000, 0x0000000705a00000, 0x0000000705c00000|  0%| F|  |TAMS 0x0000000705a00000, 0x0000000705a00000| Untracked 
|  34|0x0000000705c00000, 0x0000000705c00000, 0x0000000705e00000|  0%| F|  |TAMS 0x0000000705c00000, 0x0000000705c00000| Untracked 
|  35|0x0000000705e00000, 0x0000000705e00000, 0x0000000706000000|  0%| F|  |TAMS 0x0000000705e00000, 0x0000000705e00000| Untracked 
|  36|0x0000000706000000, 0x0000000706000000, 0x0000000706200000|  0%| F|  |TAMS 0x0000000706000000, 0x0000000706000000| Untracked 
|  37|0x0000000706200000, 0x0000000706200000, 0x0000000706400000|  0%| F|  |TAMS 0x0000000706200000, 0x0000000706200000| Untracked 
|  38|0x0000000706400000, 0x0000000706400000, 0x0000000706600000|  0%| F|  |TAMS 0x0000000706400000, 0x0000000706400000| Untracked 
|  39|0x0000000706600000, 0x0000000706600000, 0x0000000706800000|  0%| F|  |TAMS 0x0000000706600000, 0x0000000706600000| Untracked 
|  40|0x0000000706800000, 0x0000000706800000, 0x0000000706a00000|  0%| F|  |TAMS 0x0000000706800000, 0x0000000706800000| Untracked 
|  41|0x0000000706a00000, 0x0000000706a757c8, 0x0000000706c00000| 22%| S|CS|TAMS 0x0000000706a00000, 0x0000000706a00000| Complete 
|  42|0x0000000706c00000, 0x0000000706e00000, 0x0000000706e00000|100%| S|CS|TAMS 0x0000000706c00000, 0x0000000706c00000| Complete 
|  43|0x0000000706e00000, 0x0000000707000000, 0x0000000707000000|100%| S|CS|TAMS 0x0000000706e00000, 0x0000000706e00000| Complete 
|  44|0x0000000707000000, 0x0000000707200000, 0x0000000707200000|100%| S|CS|TAMS 0x0000000707000000, 0x0000000707000000| Complete 
|  45|0x0000000707200000, 0x0000000707200000, 0x0000000707400000|  0%| F|  |TAMS 0x0000000707200000, 0x0000000707200000| Untracked 
|  46|0x0000000707400000, 0x0000000707400000, 0x0000000707600000|  0%| F|  |TAMS 0x0000000707400000, 0x0000000707400000| Untracked 
|  47|0x0000000707600000, 0x0000000707733b48, 0x0000000707800000| 60%| E|  |TAMS 0x0000000707600000, 0x0000000707600000| Complete 
|  48|0x0000000707800000, 0x0000000707a00000, 0x0000000707a00000|100%| E|CS|TAMS 0x0000000707800000, 0x0000000707800000| Complete 
|  49|0x0000000707a00000, 0x0000000707c00000, 0x0000000707c00000|100%| E|CS|TAMS 0x0000000707a00000, 0x0000000707a00000| Complete 
|  50|0x0000000707c00000, 0x0000000707e00000, 0x0000000707e00000|100%| E|CS|TAMS 0x0000000707c00000, 0x0000000707c00000| Complete 
|  51|0x0000000707e00000, 0x0000000708000000, 0x0000000708000000|100%| E|CS|TAMS 0x0000000707e00000, 0x0000000707e00000| Complete 
|  52|0x0000000708000000, 0x0000000708200000, 0x0000000708200000|100%| E|CS|TAMS 0x0000000708000000, 0x0000000708000000| Complete 
|  53|0x0000000708200000, 0x0000000708400000, 0x0000000708400000|100%| E|CS|TAMS 0x0000000708200000, 0x0000000708200000| Complete 
|  54|0x0000000708400000, 0x0000000708600000, 0x0000000708600000|100%| E|CS|TAMS 0x0000000708400000, 0x0000000708400000| Complete 
|  55|0x0000000708600000, 0x0000000708800000, 0x0000000708800000|100%| E|CS|TAMS 0x0000000708600000, 0x0000000708600000| Complete 
|  56|0x0000000708800000, 0x0000000708a00000, 0x0000000708a00000|100%| E|CS|TAMS 0x0000000708800000, 0x0000000708800000| Complete 
|  57|0x0000000708a00000, 0x0000000708c00000, 0x0000000708c00000|100%| E|CS|TAMS 0x0000000708a00000, 0x0000000708a00000| Complete 
|  58|0x0000000708c00000, 0x0000000708e00000, 0x0000000708e00000|100%| E|CS|TAMS 0x0000000708c00000, 0x0000000708c00000| Complete 
|  59|0x0000000708e00000, 0x0000000709000000, 0x0000000709000000|100%| E|CS|TAMS 0x0000000708e00000, 0x0000000708e00000| Complete 
|  60|0x0000000709000000, 0x0000000709200000, 0x0000000709200000|100%| E|CS|TAMS 0x0000000709000000, 0x0000000709000000| Complete 
|  61|0x0000000709200000, 0x0000000709400000, 0x0000000709400000|100%| E|CS|TAMS 0x0000000709200000, 0x0000000709200000| Complete 
|  62|0x0000000709400000, 0x0000000709600000, 0x0000000709600000|100%| E|CS|TAMS 0x0000000709400000, 0x0000000709400000| Complete 
|  63|0x0000000709600000, 0x0000000709800000, 0x0000000709800000|100%| E|CS|TAMS 0x0000000709600000, 0x0000000709600000| Complete 
|  64|0x0000000709800000, 0x0000000709a00000, 0x0000000709a00000|100%| E|CS|TAMS 0x0000000709800000, 0x0000000709800000| Complete 
|  65|0x0000000709a00000, 0x0000000709c00000, 0x0000000709c00000|100%| E|CS|TAMS 0x0000000709a00000, 0x0000000709a00000| Complete 
|  66|0x0000000709c00000, 0x0000000709e00000, 0x0000000709e00000|100%| E|CS|TAMS 0x0000000709c00000, 0x0000000709c00000| Complete 
|  67|0x0000000709e00000, 0x000000070a000000, 0x000000070a000000|100%| E|CS|TAMS 0x0000000709e00000, 0x0000000709e00000| Complete 
|  68|0x000000070a000000, 0x000000070a200000, 0x000000070a200000|100%| E|CS|TAMS 0x000000070a000000, 0x000000070a000000| Complete 
| 112|0x000000070f800000, 0x000000070fa00000, 0x000000070fa00000|100%| E|CS|TAMS 0x000000070f800000, 0x000000070f800000| Complete 
| 113|0x000000070fa00000, 0x000000070fc00000, 0x000000070fc00000|100%| E|CS|TAMS 0x000000070fa00000, 0x000000070fa00000| Complete 
| 114|0x000000070fc00000, 0x000000070fe00000, 0x000000070fe00000|100%| E|CS|TAMS 0x000000070fc00000, 0x000000070fc00000| Complete 
| 115|0x000000070fe00000, 0x0000000710000000, 0x0000000710000000|100%| E|CS|TAMS 0x000000070fe00000, 0x000000070fe00000| Complete 
| 116|0x0000000710000000, 0x0000000710200000, 0x0000000710200000|100%| E|CS|TAMS 0x0000000710000000, 0x0000000710000000| Complete 
| 117|0x0000000710200000, 0x0000000710400000, 0x0000000710400000|100%| E|CS|TAMS 0x0000000710200000, 0x0000000710200000| Complete 
| 118|0x0000000710400000, 0x0000000710600000, 0x0000000710600000|100%| E|CS|TAMS 0x0000000710400000, 0x0000000710400000| Complete 
| 127|0x0000000711600000, 0x0000000711800000, 0x0000000711800000|100%| E|CS|TAMS 0x0000000711600000, 0x0000000711600000| Complete 

Card table byte_map: [0x000001ff17580000,0x000001ff17d80000] _byte_map_base: 0x000001ff13d74000

Marking Bits (Prev, Next): (CMBitMap*) 0x000001ff7ddd2cc0, (CMBitMap*) 0x000001ff7ddd2c80
 Prev Bits: [0x000001ff1c520000, 0x000001ff204c0000)
 Next Bits: [0x000001ff18580000, 0x000001ff1c520000)

Polling page: 0x000001ff7f5d0000

Metaspace:

Usage:
  Non-class:     30.79 MB used.
      Class:      4.03 MB used.
       Both:     34.81 MB used.

Virtual space:
  Non-class space:       64.00 MB reserved,      30.88 MB ( 48%) committed,  1 nodes.
      Class space:        1.00 GB reserved,       4.13 MB ( <1%) committed,  1 nodes.
             Both:        1.06 GB reserved,      35.00 MB (  3%) committed. 

Chunk freelists:
   Non-Class:  384.00 KB
       Class:  11.70 MB
        Both:  12.08 MB

MaxMetaspaceSize: unlimited
CompressedClassSpaceSize: 1.00 GB
Initial GC threshold: 21.00 MB
Current GC threshold: 35.13 MB
CDS: on
MetaspaceReclaimPolicy: balanced
 - commit_granule_bytes: 65536.
 - commit_granule_words: 8192.
 - virtual_space_node_default_size: 8388608.
 - enlarge_chunks_in_place: 1.
 - new_chunks_are_fully_committed: 0.
 - uncommit_free_chunks: 1.
 - use_allocation_guard: 0.
 - handle_deallocations: 1.


Internal statistics:

num_allocs_failed_limit: 3.
num_arena_births: 216.
num_arena_deaths: 0.
num_vsnodes_births: 2.
num_vsnodes_deaths: 0.
num_space_committed: 560.
num_space_uncommitted: 0.
num_chunks_returned_to_freelist: 3.
num_chunks_taken_from_freelist: 1194.
num_chunk_merges: 3.
num_chunk_splits: 870.
num_chunks_enlarged: 718.
num_inconsistent_stats: 0.

CodeHeap 'non-profiled nmethods': size=120000Kb used=2840Kb max_used=2840Kb free=117159Kb
 bounds [0x000001ff0f510000, 0x000001ff0f7e0000, 0x000001ff16a40000]
CodeHeap 'profiled nmethods': size=120000Kb used=7685Kb max_used=7685Kb free=112314Kb
 bounds [0x000001ff07a40000, 0x000001ff081d0000, 0x000001ff0ef70000]
CodeHeap 'non-nmethods': size=5760Kb used=1289Kb max_used=1350Kb free=4471Kb
 bounds [0x000001ff0ef70000, 0x000001ff0f1e0000, 0x000001ff0f510000]
 total_blobs=4375 nmethods=3768 adapters=519
 compilation: enabled
              stopped_count=0, restarted_count=0
 full_count=0

Compilation events (20 events):
Event: 6.850 Thread 0x000001ff232967b0 4358       3       com.google.common.collect.ImmutableCollection::<init> (5 bytes)
Event: 6.850 Thread 0x000001ff232954f0 nmethod 4357 0x000001ff0f7d5390 code [0x000001ff0f7d5500, 0x000001ff0f7d5558]
Event: 6.850 Thread 0x000001ff232967b0 nmethod 4358 0x000001ff081be610 code [0x000001ff081be7c0, 0x000001ff081be978]
Event: 6.850 Thread 0x000001ff232967b0 4359       3       org.openqa.selenium.SharedCapabilitiesMethods$$Lambda$767/0x0000000801447970::apply (8 bytes)
Event: 6.851 Thread 0x000001ff232967b0 nmethod 4359 0x000001ff081bea90 code [0x000001ff081bec60, 0x000001ff081bf138]
Event: 6.851 Thread 0x000001ff232967b0 4360       3       org.openqa.selenium.SharedCapabilitiesMethods::lambda$abbreviate$5 (10 bytes)
Event: 6.851 Thread 0x000001ff232967b0 nmethod 4360 0x000001ff081bf290 code [0x000001ff081bf460, 0x000001ff081bf798]
Event: 6.851 Thread 0x000001ff232967b0 4361       3       java.util.Locale::getDefault (63 bytes)
Event: 6.851 Thread 0x000001ff232967b0 nmethod 4361 0x000001ff081bf890 code [0x000001ff081bfac0, 0x000001ff081c02c8]
Event: 6.851 Thread 0x000001ff232967b0 4362       3       java.lang.StringLatin1::inflate (10 bytes)
Event: 6.851 Thread 0x000001ff232967b0 nmethod 4362 0x000001ff081c0510 code [0x000001ff081c06a0, 0x000001ff081c07a8]
Event: 7.023 Thread 0x000001ff232967b0 4363       3       org.openqa.selenium.io.MultiOutputStream::write (24 bytes)
Event: 7.024 Thread 0x000001ff232967b0 nmethod 4363 0x000001ff081c0890 code [0x000001ff081c0a40, 0x000001ff081c0d38]
Event: 7.024 Thread 0x000001ff232967b0 4365       3       java.io.FileInputStream::read (8 bytes)
Event: 7.024 Thread 0x000001ff232967b0 nmethod 4365 0x000001ff081c0e90 code [0x000001ff081c1020, 0x000001ff081c1168]
Event: 7.024 Thread 0x000001ff232967b0 4366       3       java.io.FileInputStream::available (5 bytes)
Event: 7.024 Thread 0x000001ff232967b0 nmethod 4366 0x000001ff081c1210 code [0x000001ff081c13a0, 0x000001ff081c14e8]
Event: 7.028 Thread 0x000001ff232954f0 4368  s    4       org.openqa.selenium.io.CircularOutputStream::write (87 bytes)
Event: 7.029 Thread 0x000001ff232954f0 nmethod 4368 0x000001ff0f7d5e90 code [0x000001ff0f7d6020, 0x000001ff0f7d6278]
Event: 7.029 Thread 0x000001ff232954f0 4369   !   4       java.io.PrintStream::write (66 bytes)

GC Heap History (16 events):
Event: 0.304 GC heap before
{Heap before GC invocations=0 (full 0):
 garbage-first heap   total 262144K, used 22528K [0x0000000701800000, 0x0000000800000000)
  region size 2048K, 11 young (22528K), 0 survivors (0K)
 Metaspace       used 5758K, committed 5888K, reserved 1114112K
  class space    used 532K, committed 576K, reserved 1048576K
}
Event: 0.306 GC heap after
{Heap after GC invocations=1 (full 0):
 garbage-first heap   total 262144K, used 5061K [0x0000000701800000, 0x0000000800000000)
  region size 2048K, 2 young (4096K), 2 survivors (4096K)
 Metaspace       used 5758K, committed 5888K, reserved 1114112K
  class space    used 532K, committed 576K, reserved 1048576K
}
Event: 0.483 GC heap before
{Heap before GC invocations=1 (full 0):
 garbage-first heap   total 262144K, used 35781K [0x0000000701800000, 0x0000000800000000)
  region size 2048K, 17 young (34816K), 2 survivors (4096K)
 Metaspace       used 8176K, committed 8320K, reserved 1114112K
  class space    used 716K, committed 832K, reserved 1048576K
}
Event: 0.488 GC heap after
{Heap after GC invocations=2 (full 0):
 garbage-first heap   total 262144K, used 13059K [0x0000000701800000, 0x0000000800000000)
  region size 2048K, 3 young (6144K), 3 survivors (6144K)
 Metaspace       used 8176K, committed 8320K, reserved 1114112K
  class space    used 716K, committed 832K, reserved 1048576K
}
Event: 0.742 GC heap before
{Heap before GC invocations=2 (full 0):
 garbage-first heap   total 262144K, used 72451K [0x0000000701800000, 0x0000000800000000)
  region size 2048K, 32 young (65536K), 3 survivors (6144K)
 Metaspace       used 11968K, committed 12160K, reserved 1114112K
  class space    used 1059K, committed 1152K, reserved 1048576K
}
Event: 0.747 GC heap after
{Heap after GC invocations=3 (full 0):
 garbage-first heap   total 262144K, used 21221K [0x0000000701800000, 0x0000000800000000)
  region size 2048K, 4 young (8192K), 4 survivors (8192K)
 Metaspace       used 11968K, committed 12160K, reserved 1114112K
  class space    used 1059K, committed 1152K, reserved 1048576K
}
Event: 1.382 GC heap before
{Heap before GC invocations=3 (full 0):
 garbage-first heap   total 262144K, used 105189K [0x0000000701800000, 0x0000000800000000)
  region size 2048K, 45 young (92160K), 4 survivors (8192K)
 Metaspace       used 20520K, committed 20736K, reserved 1114112K
  class space    used 2140K, committed 2304K, reserved 1048576K
}
Event: 1.389 GC heap after
{Heap after GC invocations=4 (full 0):
 garbage-first heap   total 262144K, used 31864K [0x0000000701800000, 0x0000000800000000)
  region size 2048K, 6 young (12288K), 6 survivors (12288K)
 Metaspace       used 20520K, committed 20736K, reserved 1114112K
  class space    used 2140K, committed 2304K, reserved 1048576K
}
Event: 1.464 GC heap before
{Heap before GC invocations=4 (full 0):
 garbage-first heap   total 262144K, used 48248K [0x0000000701800000, 0x0000000800000000)
  region size 2048K, 15 young (30720K), 6 survivors (12288K)
 Metaspace       used 21289K, committed 21504K, reserved 1114112K
  class space    used 2256K, committed 2368K, reserved 1048576K
}
Event: 1.468 GC heap after
{Heap after GC invocations=5 (full 0):
 garbage-first heap   total 262144K, used 33747K [0x0000000701800000, 0x0000000800000000)
  region size 2048K, 7 young (14336K), 7 survivors (14336K)
 Metaspace       used 21289K, committed 21504K, reserved 1114112K
  class space    used 2256K, committed 2368K, reserved 1048576K
}
Event: 1.770 GC heap before
{Heap before GC invocations=6 (full 0):
 garbage-first heap   total 131072K, used 99283K [0x0000000701800000, 0x0000000800000000)
  region size 2048K, 40 young (81920K), 7 survivors (14336K)
 Metaspace       used 24552K, committed 24768K, reserved 1114112K
  class space    used 2628K, committed 2752K, reserved 1048576K
}
Event: 1.778 GC heap after
{Heap after GC invocations=7 (full 0):
 garbage-first heap   total 131072K, used 41324K [0x0000000701800000, 0x0000000800000000)
  region size 2048K, 5 young (10240K), 5 survivors (10240K)
 Metaspace       used 24552K, committed 24768K, reserved 1114112K
  class space    used 2628K, committed 2752K, reserved 1048576K
}
Event: 1.975 GC heap before
{Heap before GC invocations=7 (full 0):
 garbage-first heap   total 131072K, used 92524K [0x0000000701800000, 0x0000000800000000)
  region size 2048K, 30 young (61440K), 5 survivors (10240K)
 Metaspace       used 28396K, committed 28608K, reserved 1114112K
  class space    used 3077K, committed 3136K, reserved 1048576K
}
Event: 1.983 GC heap after
{Heap after GC invocations=8 (full 0):
 garbage-first heap   total 157696K, used 49113K [0x0000000701800000, 0x0000000800000000)
  region size 2048K, 4 young (8192K), 4 survivors (8192K)
 Metaspace       used 28396K, committed 28608K, reserved 1114112K
  class space    used 3077K, committed 3136K, reserved 1048576K
}
Event: 2.294 GC heap before
{Heap before GC invocations=8 (full 0):
 garbage-first heap   total 157696K, used 114649K [0x0000000701800000, 0x0000000800000000)
  region size 2048K, 36 young (73728K), 4 survivors (8192K)
 Metaspace       used 32044K, committed 32256K, reserved 1114112K
  class space    used 3598K, committed 3712K, reserved 1048576K
}
Event: 2.301 GC heap after
{Heap after GC invocations=9 (full 0):
 garbage-first heap   total 157696K, used 55577K [0x0000000701800000, 0x0000000800000000)
  region size 2048K, 4 young (8192K), 4 survivors (8192K)
 Metaspace       used 32044K, committed 32256K, reserved 1114112K
  class space    used 3598K, committed 3712K, reserved 1048576K
}

Dll operation events (13 events):
Event: 0.005 Loaded shared library C:\Users\zaric\.jdks\corretto-17.0.7\bin\java.dll
Event: 0.010 Loaded shared library C:\Users\zaric\.jdks\corretto-17.0.7\bin\jsvml.dll
Event: 0.071 Loaded shared library C:\Users\zaric\.jdks\corretto-17.0.7\bin\zip.dll
Event: 0.072 Loaded shared library C:\Users\zaric\.jdks\corretto-17.0.7\bin\instrument.dll
Event: 0.075 Loaded shared library C:\Users\zaric\.jdks\corretto-17.0.7\bin\net.dll
Event: 0.076 Loaded shared library C:\Users\zaric\.jdks\corretto-17.0.7\bin\nio.dll
Event: 0.077 Loaded shared library C:\Users\zaric\.jdks\corretto-17.0.7\bin\zip.dll
Event: 0.125 Loaded shared library C:\Users\zaric\.jdks\corretto-17.0.7\bin\jimage.dll
Event: 0.303 Loaded shared library D:\Java\IntelliJ IDEA Community Edition 2023.1.2\bin\breakgen64.dll
Event: 0.844 Loaded shared library C:\Users\zaric\.jdks\corretto-17.0.7\bin\verify.dll
Event: 1.291 Loaded shared library C:\Users\zaric\.jdks\corretto-17.0.7\bin\sunmscapi.dll
Event: 1.614 Loaded shared library C:\Users\zaric\.jdks\corretto-17.0.7\bin\management.dll
Event: 1.616 Loaded shared library C:\Users\zaric\.jdks\corretto-17.0.7\bin\management_ext.dll

Deoptimization events (20 events):
Event: 5.308 Thread 0x000001ff7dd61ed0 Uncommon trap: trap_request=0xffffff45 fr.pc=0x000001ff0f707d98 relative=0x0000000000000658
Event: 5.308 Thread 0x000001ff7dd61ed0 Uncommon trap: reason=unstable_if action=reinterpret pc=0x000001ff0f707d98 method=java.lang.String.getBytes([BIIBI)V @ 6 c2
Event: 5.308 Thread 0x000001ff7dd61ed0 DEOPT PACKING pc=0x000001ff0f707d98 sp=0x0000002ef42fb7c0
Event: 5.308 Thread 0x000001ff7dd61ed0 DEOPT UNPACKING pc=0x000001ff0efc69a3 sp=0x0000002ef42fb5c0 mode 2
Event: 5.313 Thread 0x000001ff7dd61ed0 Uncommon trap: trap_request=0xffffff45 fr.pc=0x000001ff0f775100 relative=0x0000000000000260
Event: 5.313 Thread 0x000001ff7dd61ed0 Uncommon trap: reason=unstable_if action=reinterpret pc=0x000001ff0f775100 method=java.lang.String.getChars(II[CI)V @ 23 c2
Event: 5.313 Thread 0x000001ff7dd61ed0 DEOPT PACKING pc=0x000001ff0f775100 sp=0x0000002ef42fb790
Event: 5.313 Thread 0x000001ff7dd61ed0 DEOPT UNPACKING pc=0x000001ff0efc69a3 sp=0x0000002ef42fb750 mode 2
Event: 5.318 Thread 0x000001ff7dd61ed0 Uncommon trap: trap_request=0xffffff45 fr.pc=0x000001ff0f7277f4 relative=0x0000000000000154
Event: 5.318 Thread 0x000001ff7dd61ed0 Uncommon trap: reason=unstable_if action=reinterpret pc=0x000001ff0f7277f4 method=java.lang.String.getBytes([BIIBI)V @ 6 c2
Event: 5.318 Thread 0x000001ff7dd61ed0 DEOPT PACKING pc=0x000001ff0f7277f4 sp=0x0000002ef42fbd80
Event: 5.318 Thread 0x000001ff7dd61ed0 DEOPT UNPACKING pc=0x000001ff0efc69a3 sp=0x0000002ef42fbc98 mode 2
Event: 5.320 Thread 0x000001ff7dd61ed0 Uncommon trap: trap_request=0xffffff45 fr.pc=0x000001ff0f781854 relative=0x00000000000000d4
Event: 5.320 Thread 0x000001ff7dd61ed0 Uncommon trap: reason=unstable_if action=reinterpret pc=0x000001ff0f781854 method=java.lang.String.getBytes([BIB)V @ 5 c2
Event: 5.320 Thread 0x000001ff7dd61ed0 DEOPT PACKING pc=0x000001ff0f781854 sp=0x0000002ef42fbe80
Event: 5.320 Thread 0x000001ff7dd61ed0 DEOPT UNPACKING pc=0x000001ff0efc69a3 sp=0x0000002ef42fbe48 mode 2
Event: 5.321 Thread 0x000001ff7dd61ed0 Uncommon trap: trap_request=0xffffff45 fr.pc=0x000001ff0f70f600 relative=0x0000000000000100
Event: 5.321 Thread 0x000001ff7dd61ed0 Uncommon trap: reason=unstable_if action=reinterpret pc=0x000001ff0f70f600 method=java.lang.String.getBytes([BIIBI)V @ 6 c2
Event: 5.321 Thread 0x000001ff7dd61ed0 DEOPT PACKING pc=0x000001ff0f70f600 sp=0x0000002ef42fbcd0
Event: 5.321 Thread 0x000001ff7dd61ed0 DEOPT UNPACKING pc=0x000001ff0efc69a3 sp=0x0000002ef42fbc68 mode 2

Classes unloaded (0 events):
No events

Classes redefined (0 events):
No events

Internal exceptions (20 events):
Event: 5.187 Thread 0x000001ff7dd61ed0 Exception <a 'java/lang/ArrayIndexOutOfBoundsException'{0x0000000708516ae0}> (0x0000000708516ae0) 
thrown [s\src\hotspot\share\runtime\sharedRuntime.cpp, line 628]
Event: 5.187 Thread 0x000001ff7dd61ed0 Exception <a 'java/lang/ArrayIndexOutOfBoundsException'{0x00000007085175f8}> (0x00000007085175f8) 
thrown [s\src\hotspot\share\runtime\sharedRuntime.cpp, line 628]
Event: 5.187 Thread 0x000001ff7dd61ed0 Exception <a 'java/lang/ArrayIndexOutOfBoundsException'{0x0000000708518110}: Index 7 out of bounds for length 7> (0x0000000708518110) 
thrown [s\src\hotspot\share\interpreter\interpreterRuntime.cpp, line 428]
Event: 5.187 Thread 0x000001ff7dd61ed0 Exception <a 'java/lang/ArrayIndexOutOfBoundsException'{0x000000070851b750}> (0x000000070851b750) 
thrown [s\src\hotspot\share\runtime\sharedRuntime.cpp, line 628]
Event: 5.187 Thread 0x000001ff7dd61ed0 Exception <a 'java/lang/ArrayIndexOutOfBoundsException'{0x000000070851c268}> (0x000000070851c268) 
thrown [s\src\hotspot\share\runtime\sharedRuntime.cpp, line 628]
Event: 5.187 Thread 0x000001ff7dd61ed0 Exception <a 'java/lang/ArrayIndexOutOfBoundsException'{0x000000070851cd80}: Index 7 out of bounds for length 7> (0x000000070851cd80) 
thrown [s\src\hotspot\share\interpreter\interpreterRuntime.cpp, line 428]
Event: 5.187 Thread 0x000001ff7dd61ed0 Exception <a 'java/lang/ArrayIndexOutOfBoundsException'{0x00000007085200d0}> (0x00000007085200d0) 
thrown [s\src\hotspot\share\runtime\sharedRuntime.cpp, line 628]
Event: 5.187 Thread 0x000001ff7dd61ed0 Exception <a 'java/lang/ArrayIndexOutOfBoundsException'{0x0000000708520be8}> (0x0000000708520be8) 
thrown [s\src\hotspot\share\runtime\sharedRuntime.cpp, line 628]
Event: 5.187 Thread 0x000001ff7dd61ed0 Exception <a 'java/lang/ArrayIndexOutOfBoundsException'{0x0000000708521700}: Index 7 out of bounds for length 7> (0x0000000708521700) 
thrown [s\src\hotspot\share\interpreter\interpreterRuntime.cpp, line 428]
Event: 5.196 Thread 0x000001ff7dd61ed0 Exception <a 'java/lang/NoSuchMethodError'{0x00000007082152d0}: 'java.lang.Object java.lang.invoke.DirectMethodHandle$Holder.invokeStatic(java.lang.Object, java.lang.Object, java.lang.Object, java.lang.Object, int)'> (0x00000007082152d0) 
thrown [s\src\hotspot\share\interpreter\linkResolver.cpp, line 759]
Event: 5.197 Thread 0x000001ff7dd61ed0 Exception <a 'java/lang/IncompatibleClassChangeError'{0x000000070823b0c0}: Found class java.lang.Object, but interface was expected> (0x000000070823b0c0) 
thrown [s\src\hotspot\share\interpreter\linkResolver.cpp, line 826]
Event: 5.198 Thread 0x000001ff7dd61ed0 Exception <a 'java/lang/IncompatibleClassChangeError'{0x0000000708242330}: Found class java.lang.Object, but interface was expected> (0x0000000708242330) 
thrown [s\src\hotspot\share\interpreter\linkResolver.cpp, line 826]
Event: 5.198 Thread 0x000001ff7dd61ed0 Exception <a 'java/lang/NoSuchMethodError'{0x00000007082586c8}: 'long java.lang.invoke.DirectMethodHandle$Holder.invokeSpecial(java.lang.Object, java.lang.Object)'> (0x00000007082586c8) 
thrown [s\src\hotspot\share\interpreter\linkResolver.cpp, line 759]
Event: 5.255 Thread 0x000001ff7dd61ed0 Implicit null exception at 0x000001ff0f669c58 to 0x000001ff0f669cee
Event: 5.255 Thread 0x000001ff7dd61ed0 Implicit null exception at 0x000001ff0f51b60f to 0x000001ff0f51b689
Event: 5.301 Thread 0x000001ff7dd61ed0 Exception <a 'java/lang/IncompatibleClassChangeError'{0x0000000707af6f30}: Found class java.lang.Object, but interface was expected> (0x0000000707af6f30) 
thrown [s\src\hotspot\share\interpreter\linkResolver.cpp, line 826]
Event: 5.302 Thread 0x000001ff7dd61ed0 Exception <a 'java/lang/IncompatibleClassChangeError'{0x0000000707afa4c0}: Found class java.lang.Object, but interface was expected> (0x0000000707afa4c0) 
thrown [s\src\hotspot\share\interpreter\linkResolver.cpp, line 826]
Event: 5.302 Thread 0x000001ff7dd61ed0 Exception <a 'java/lang/IncompatibleClassChangeError'{0x0000000707afff58}: Found class java.lang.Object, but interface was expected> (0x0000000707afff58) 
thrown [s\src\hotspot\share\interpreter\linkResolver.cpp, line 826]
Event: 5.302 Thread 0x000001ff7dd61ed0 Exception <a 'java/lang/IncompatibleClassChangeError'{0x0000000707b035e8}: Found class java.lang.Object, but interface was expected> (0x0000000707b035e8) 
thrown [s\src\hotspot\share\interpreter\linkResolver.cpp, line 826]
Event: 5.316 Thread 0x000001ff7dd61ed0 Exception <a 'java/lang/ClassNotFoundException'{0x0000000707875848}: sun/misc/SharedSecrets> (0x0000000707875848) 
thrown [s\src\hotspot\share\classfile\systemDictionary.cpp, line 256]

VM Operations (20 events):
Event: 1.947 Executing VM operation: HandshakeAllThreads
Event: 1.947 Executing VM operation: HandshakeAllThreads done
Event: 1.975 Executing VM operation: G1CollectForAllocation
Event: 1.983 Executing VM operation: G1CollectForAllocation done
Event: 2.181 Executing VM operation: HandshakeAllThreads
Event: 2.181 Executing VM operation: HandshakeAllThreads done
Event: 2.293 Executing VM operation: G1CollectForAllocation
Event: 2.301 Executing VM operation: G1CollectForAllocation done
Event: 3.315 Executing VM operation: Cleanup
Event: 3.315 Executing VM operation: Cleanup done
Event: 3.939 Executing VM operation: ICBufferFull
Event: 3.939 Executing VM operation: ICBufferFull done
Event: 4.953 Executing VM operation: Cleanup
Event: 4.954 Executing VM operation: Cleanup done
Event: 5.209 Executing VM operation: HandshakeAllThreads
Event: 5.209 Executing VM operation: HandshakeAllThreads done
Event: 5.210 Executing VM operation: ICBufferFull
Event: 5.210 Executing VM operation: ICBufferFull done
Event: 6.223 Executing VM operation: Cleanup
Event: 6.223 Executing VM operation: Cleanup done

Events (20 events):
Event: 5.256 loading class java/time/Clock$SystemClock
Event: 5.256 loading class java/time/Clock$SystemClock done
Event: 5.256 loading class java/time/zone/ZoneRulesProvider
Event: 5.256 loading class java/time/zone/ZoneRulesProvider done
Event: 5.256 loading class java/time/zone/ZoneRulesProvider$1
Event: 5.256 loading class java/time/zone/ZoneRulesProvider$1 done
Event: 5.256 loading class java/time/zone/TzdbZoneRulesProvider
Event: 5.256 loading class java/time/zone/TzdbZoneRulesProvider done
Event: 5.257 loading class java/time/zone/Ser
Event: 5.258 loading class java/time/zone/Ser done
Event: 5.314 loading class java/util/stream/SortedOps$RefSortingSink
Event: 5.314 loading class java/util/stream/SortedOps$RefSortingSink done
Event: 5.316 loading class sun/misc/SharedSecrets
Event: 5.316 loading class sun/misc/SharedSecrets done
Event: 5.316 loading class java/util/TreeMap$EntrySpliterator
Event: 5.316 loading class java/util/TreeMap$EntrySpliterator done
Event: 5.319 loading class java/util/concurrent/ConcurrentHashMap$EntrySpliterator
Event: 5.319 loading class java/util/concurrent/ConcurrentHashMap$EntrySpliterator done
Event: 5.524 Thread 0x000001ff29759160 Thread exited: 0x000001ff29759160
Event: 5.742 Thread 0x000001ff28b64f50 Thread exited: 0x000001ff28b64f50


Dynamic libraries:
0x00007ff653c00000 - 0x00007ff653c0d000 	C:\Users\zaric\.jdks\corretto-17.0.7\bin\java.exe
0x00007ffb58050000 - 0x00007ffb58264000 	C:\Windows\SYSTEM32\ntdll.dll
0x00007ffb56a30000 - 0x00007ffb56af2000 	C:\Windows\System32\KERNEL32.DLL
0x00007ffb55690000 - 0x00007ffb55a33000 	C:\Windows\System32\KERNELBASE.dll
0x00007ffb55ba0000 - 0x00007ffb55cb1000 	C:\Windows\System32\ucrtbase.dll
0x00007ffb27e10000 - 0x00007ffb27e27000 	C:\Users\zaric\.jdks\corretto-17.0.7\bin\jli.dll
0x00007ffb24a50000 - 0x00007ffb24a65000 	C:\Users\zaric\.jdks\corretto-17.0.7\bin\VCRUNTIME140.dll
0x00007ffb565b0000 - 0x00007ffb5675a000 	C:\Windows\System32\USER32.dll
0x00007ffb554c0000 - 0x00007ffb554e6000 	C:\Windows\System32\win32u.dll
0x00007ffb3d3f0000 - 0x00007ffb3d67e000 	C:\Windows\WinSxS\amd64_microsoft.windows.common-controls_6595b64144ccf1df_6.0.22621.1635_none_270f70857386168e\COMCTL32.dll
0x00007ffb56200000 - 0x00007ffb56229000 	C:\Windows\System32\GDI32.dll
0x00007ffb56150000 - 0x00007ffb561f7000 	C:\Windows\System32\msvcrt.dll
0x00007ffb554f0000 - 0x00007ffb55609000 	C:\Windows\System32\gdi32full.dll
0x00007ffb55b00000 - 0x00007ffb55b9a000 	C:\Windows\System32\msvcp_win.dll
0x00007ffb57850000 - 0x00007ffb57881000 	C:\Windows\System32\IMM32.DLL
0x00007ffae6330000 - 0x00007ffae63cb000 	C:\Users\zaric\.jdks\corretto-17.0.7\bin\msvcp140.dll
0x00007ffae2b50000 - 0x00007ffae376a000 	C:\Users\zaric\.jdks\corretto-17.0.7\bin\server\jvm.dll
0x00007ffb57890000 - 0x00007ffb5793e000 	C:\Windows\System32\ADVAPI32.dll
0x00007ffb57ea0000 - 0x00007ffb57f44000 	C:\Windows\System32\sechost.dll
0x00007ffb56910000 - 0x00007ffb56a27000 	C:\Windows\System32\RPCRT4.dll
0x00007ffb52460000 - 0x00007ffb52469000 	C:\Windows\SYSTEM32\WSOCK32.dll
0x00007ffb4bd10000 - 0x00007ffb4bd44000 	C:\Windows\SYSTEM32\WINMM.dll
0x00007ffb4eef0000 - 0x00007ffb4eefa000 	C:\Windows\SYSTEM32\VERSION.dll
0x00007ffb564a0000 - 0x00007ffb56511000 	C:\Windows\System32\WS2_32.dll
0x00007ffb54400000 - 0x00007ffb54418000 	C:\Windows\SYSTEM32\kernel.appcore.dll
0x00007ffb24a40000 - 0x00007ffb24a4a000 	C:\Users\zaric\.jdks\corretto-17.0.7\bin\jimage.dll
0x00007ffb4ebd0000 - 0x00007ffb4edfe000 	C:\Windows\SYSTEM32\DBGHELP.DLL
0x00007ffb56b20000 - 0x00007ffb56ea9000 	C:\Windows\System32\combase.dll
0x00007ffb57dc0000 - 0x00007ffb57e97000 	C:\Windows\System32\OLEAUT32.dll
0x00007ffb40410000 - 0x00007ffb40442000 	C:\Windows\SYSTEM32\dbgcore.DLL
0x00007ffb55610000 - 0x00007ffb5568a000 	C:\Windows\System32\bcryptPrimitives.dll
0x00007ffb527e0000 - 0x00007ffb527ee000 	C:\Users\zaric\.jdks\corretto-17.0.7\bin\instrument.dll
0x00007ffb1d6a0000 - 0x00007ffb1d6c5000 	C:\Users\zaric\.jdks\corretto-17.0.7\bin\java.dll
0x00007ffae6250000 - 0x00007ffae6326000 	C:\Users\zaric\.jdks\corretto-17.0.7\bin\jsvml.dll
0x00007ffb56eb0000 - 0x00007ffb576a9000 	C:\Windows\System32\SHELL32.dll
0x00007ffb53440000 - 0x00007ffb53d0e000 	C:\Windows\SYSTEM32\windows.storage.dll
0x00007ffb53300000 - 0x00007ffb5343e000 	C:\Windows\SYSTEM32\wintypes.dll
0x00007ffb567c0000 - 0x00007ffb568b1000 	C:\Windows\System32\SHCORE.dll
0x00007ffb56760000 - 0x00007ffb567be000 	C:\Windows\System32\shlwapi.dll
0x00007ffb55380000 - 0x00007ffb553a6000 	C:\Windows\SYSTEM32\profapi.dll
0x00007ffb1bd70000 - 0x00007ffb1bd88000 	C:\Users\zaric\.jdks\corretto-17.0.7\bin\zip.dll
0x00007ffb1d680000 - 0x00007ffb1d699000 	C:\Users\zaric\.jdks\corretto-17.0.7\bin\net.dll
0x00007ffb4fad0000 - 0x00007ffb4fc07000 	C:\Windows\SYSTEM32\WINHTTP.dll
0x00007ffb54910000 - 0x00007ffb54979000 	C:\Windows\system32\mswsock.dll
0x00007ffb1d630000 - 0x00007ffb1d645000 	C:\Users\zaric\.jdks\corretto-17.0.7\bin\nio.dll
0x00007ffb44400000 - 0x00007ffb4441a000 	D:\Java\IntelliJ IDEA Community Edition 2023.1.2\bin\breakgen64.dll
0x00007ffb23420000 - 0x00007ffb23430000 	C:\Users\zaric\.jdks\corretto-17.0.7\bin\verify.dll
0x00007ffb54b70000 - 0x00007ffb54b8b000 	C:\Windows\SYSTEM32\CRYPTSP.dll
0x00007ffb54420000 - 0x00007ffb54455000 	C:\Windows\system32\rsaenh.dll
0x00007ffb54a10000 - 0x00007ffb54a3c000 	C:\Windows\SYSTEM32\USERENV.dll
0x00007ffb54d30000 - 0x00007ffb54d58000 	C:\Windows\SYSTEM32\bcrypt.dll
0x00007ffb54b90000 - 0x00007ffb54b9c000 	C:\Windows\SYSTEM32\CRYPTBASE.dll
0x00007ffb53f70000 - 0x00007ffb53f9d000 	C:\Windows\SYSTEM32\IPHLPAPI.DLL
0x00007ffb56230000 - 0x00007ffb56239000 	C:\Windows\System32\NSI.dll
0x00007ffb4fc80000 - 0x00007ffb4fc99000 	C:\Windows\SYSTEM32\dhcpcsvc6.DLL
0x00007ffb4f990000 - 0x00007ffb4f9af000 	C:\Windows\SYSTEM32\dhcpcsvc.DLL
0x00007ffb53fe0000 - 0x00007ffb540d3000 	C:\Windows\SYSTEM32\DNSAPI.dll
0x00007ffb52780000 - 0x00007ffb5278e000 	C:\Users\zaric\.jdks\corretto-17.0.7\bin\sunmscapi.dll
0x00007ffb55cc0000 - 0x00007ffb55e27000 	C:\Windows\System32\CRYPT32.dll
0x00007ffb54d00000 - 0x00007ffb54d2e000 	C:\Windows\SYSTEM32\ncrypt.dll
0x00007ffb54cc0000 - 0x00007ffb54cf7000 	C:\Windows\SYSTEM32\NTASN1.dll
0x00007ffb44370000 - 0x00007ffb44387000 	C:\Windows\system32\napinsp.dll
0x00007ffb44350000 - 0x00007ffb4436b000 	C:\Windows\system32\pnrpnsp.dll
0x00007ffb44330000 - 0x00007ffb44341000 	C:\Windows\System32\winrnr.dll
0x00007ffb1dd70000 - 0x00007ffb1dd85000 	C:\Windows\system32\wshbth.dll
0x00007ffb2c3b0000 - 0x00007ffb2c3d1000 	C:\Windows\system32\nlansp_c.dll
0x00007ffb4cd00000 - 0x00007ffb4cd0a000 	C:\Windows\System32\rasadhlp.dll
0x00007ffb4ef20000 - 0x00007ffb4efa4000 	C:\Windows\System32\fwpuclnt.dll
0x00007ffb527d0000 - 0x00007ffb527d9000 	C:\Users\zaric\.jdks\corretto-17.0.7\bin\management.dll
0x00007ffb527c0000 - 0x00007ffb527cb000 	C:\Users\zaric\.jdks\corretto-17.0.7\bin\management_ext.dll
0x00007ffb56520000 - 0x00007ffb56528000 	C:\Windows\System32\PSAPI.DLL
0x00007ffb28040000 - 0x00007ffb28048000 	C:\Windows\system32\wshunix.dll

dbghelp: loaded successfully - version: 4.0.5 - missing functions: none
symbol engine: initialized successfully - sym options: 0x614 - pdb path: .;C:\Users\zaric\.jdks\corretto-17.0.7\bin;C:\Windows\SYSTEM32;C:\Windows\WinSxS\amd64_microsoft.windows.common-controls_6595b64144ccf1df_6.0.22621.1635_none_270f70857386168e;C:\Users\zaric\.jdks\corretto-17.0.7\bin\server;D:\Java\IntelliJ IDEA Community Edition 2023.1.2\bin

VM Arguments:
jvm_args: -ea -javaagent:C:\Users\zaric\.m2\repository/org/aspectj/aspectjweaver/1.9.7/aspectjweaver-1.9.7.jar -Didea.test.cyclic.buffer.size=1048576 -javaagent:D:\Java\IntelliJ IDEA Community Edition 2023.1.2\lib\idea_rt.jar=60854:D:\Java\IntelliJ IDEA Community Edition 2023.1.2\bin -Dfile.encoding=UTF-8 
java_command: com.intellij.rt.junit.JUnitStarter -ideVersion5 -junit5 com.evotor.test.task.aleksandr.tests.YandexPageTest,yandexPageTest
java_class_path (initial): C:\Users\zaric\.m2\repository\org\junit\vintage\junit-vintage-engine\5.9.0\junit-vintage-engine-5.9.0.jar;D:\Java\IntelliJ IDEA Community Edition 2023.1.2\lib\idea_rt.jar;D:\Java\IntelliJ IDEA Community Edition 2023.1.2\plugins\junit\lib\junit5-rt.jar;D:\Java\IntelliJ IDEA Community Edition 2023.1.2\plugins\junit\lib\junit-rt.jar;D:\Java\EVOTOR_TEST_TASK-main1\target\test-classes;C:\Users\zaric\.m2\repository\com\codeborne\selenide\6.15.0\selenide-6.15.0.jar;C:\Users\zaric\.m2\repository\org\seleniumhq\selenium\selenium-java\4.9.1\selenium-java-4.9.1.jar;C:\Users\zaric\.m2\repository\org\seleniumhq\selenium\selenium-api\4.9.1\selenium-api-4.9.1.jar;C:\Users\zaric\.m2\repository\org\seleniumhq\selenium\selenium-chrome-driver\4.9.1\selenium-chrome-driver-4.9.1.jar;C:\Users\zaric\.m2\repository\com\google\auto\service\auto-service-annotations\1.0.1\auto-service-annotations-1.0.1.jar;C:\Users\zaric\.m2\repository\com\google\auto\service\auto-service\1.0.1\auto-service-1.0.1.jar;C:\Users\zaric\.m2\repository\com\google\auto\auto-common\1.2\auto-common-1.2.jar;C:\Users\zaric\.m2\repository\org\seleniumhq\selenium\selenium-chromium-driver\4.9.1\selenium-chromium-driver-4.9.1.jar;C:\Users\zaric\.m2\repository\org\seleniumhq\selenium\selenium-json\4.9.1\selenium-json-4.9.1.jar;C:\Users\zaric\.m2\repository\org\seleniumhq\selenium\selenium-manager\4.9.1\selenium-manager-4.9.1.jar;C:\Users\zaric\.m2\repository\org\seleniumhq\selenium\selenium-devtools-v111\4.9.1\selenium-devtools-v111-4.9.1.jar;C:\Users\zaric\.m2\repository\org\seleniumhq\selenium\selenium-devtools-v112\4.9.1\selenium-devtools-v112-4.9.1.jar;C:\Users\zaric\.m2\repository\org\seleniumhq\selenium\selenium-devtools-v113\4.9.1\selenium-devtools-v113-4.9.1.jar;C:\Users\zaric\.m2\repository\org\seleniumhq\selenium\selenium-devtools-v85\4.9.1\selenium-devtools-v85-4.9.1.jar;C:\Users\zaric\.m2\repository\org\seleniumhq\selenium\selenium-edge-driver\4.9.1\selenium-edge-driver-4.9.1.jar;C:\U
Launcher Type: SUN_STANDARD

[Global flags]
     intx CICompilerCount                          = 4                                         {product} {ergonomic}
     uint ConcGCThreads                            = 3                                         {product} {ergonomic}
     uint G1ConcRefinementThreads                  = 10                                        {product} {ergonomic}
   size_t G1HeapRegionSize                         = 2097152                                   {product} {ergonomic}
    uintx GCDrainStackTargetSize                   = 64                                        {product} {ergonomic}
   size_t InitialHeapSize                          = 268435456                                 {product} {ergonomic}
   size_t MarkStackSize                            = 4194304                                   {product} {ergonomic}
   size_t MaxHeapSize                              = 4269801472                                {product} {ergonomic}
   size_t MaxNewSize                               = 2560622592                                {product} {ergonomic}
   size_t MinHeapDeltaBytes                        = 2097152                                   {product} {ergonomic}
   size_t MinHeapSize                              = 8388608                                   {product} {ergonomic}
    uintx NonNMethodCodeHeapSize                   = 5839372                                {pd product} {ergonomic}
    uintx NonProfiledCodeHeapSize                  = 122909434                              {pd product} {ergonomic}
    uintx ProfiledCodeHeapSize                     = 122909434                              {pd product} {ergonomic}
    uintx ReservedCodeCacheSize                    = 251658240                              {pd product} {ergonomic}
     bool SegmentedCodeCache                       = true                                      {product} {ergonomic}
   size_t SoftMaxHeapSize                          = 4269801472                             {manageable} {ergonomic}
     bool UseCompressedClassPointers               = true                           {product lp64_product} {ergonomic}
     bool UseCompressedOops                        = true                           {product lp64_product} {ergonomic}
     bool UseG1GC                                  = true                                      {product} {ergonomic}
     bool UseLargePagesIndividualAllocation        = false                                  {pd product} {ergonomic}

Logging:
Log output configuration:
 #0: stdout all=warning uptime,level,tags
 #1: stderr all=off uptime,level,tags

Environment Variables:
PATH=C:\Program Files\Common Files\Oracle\Java\javapath;C:\Windows\system32;C:\Windows;C:\Windows\System32\Wbem;C:\Windows\System32\WindowsPowerShell\v1.0\;C:\Windows\System32\OpenSSH\;C:\Users\zaric\AppData\Local\Microsoft\WindowsApps;
USERNAME=zaric
OS=Windows_NT
PROCESSOR_IDENTIFIER=AMD64 Family 25 Model 33 Stepping 0, AuthenticAMD
TMP=C:\Users\zaric\AppData\Local\Temp
TEMP=C:\Users\zaric\AppData\Local\Temp



---------------  S Y S T E M  ---------------

OS:
 Windows 11 , 64 bit Build 22621 (10.0.22621.1928)
OS uptime: 0 days 4:57 hours

CPU: total 12 (initial active 12) (12 cores per cpu, 2 threads per core) family 25 model 33 stepping 0 microcode 0x0, cx8, cmov, fxsr, ht, mmx, 3dnowpref, sse, sse2, sse3, ssse3, sse4a, sse4.1, sse4.2, popcnt, lzcnt, tsc, tscinvbit, avx, avx2, aes, erms, clmul, bmi1, bmi2, adx, sha, fma, vzeroupper, clflush, clflushopt

Memory: 4k page, system-wide physical 16287M (5714M free)
TotalPageFile size 20383M (AvailPageFile size 0M)
current process WorkingSet (physical memory assigned to process): 298M, peak: 330M
current process commit charge ("private bytes"): 344M, peak: 441M

vm_info: OpenJDK 64-Bit Server VM (17.0.7+7-LTS) for windows-amd64 JRE (17.0.7+7-LTS), built on Apr 14 2023 01:39:21 by "Administrator" with MS VC++ 15.9 (VS2017)

END.
